<?xml version="1.0" encoding="UTF-8"?>
<coverage generated="1773610765082" clover="3.2.0">
  <project timestamp="1773610765082" name="All files">
    <metrics statements="44" coveredstatements="38" conditionals="33" coveredconditionals="31" methods="11" coveredmethods="10" elements="88" coveredelements="79" complexity="0" loc="44" ncloc="44" packages="1" files="3" classes="3"/>
    <file name="calculations.ts" path="/home/paschoal/Documents/repos/driver_finance/src/utils/calculations.ts">
      <metrics statements="13" coveredstatements="13" conditionals="8" coveredconditionals="8" methods="5" coveredmethods="5"/>
      <line num="1" count="1" type="stmt"/>
      <line num="2" count="3" type="stmt"/>
      <line num="5" count="1" type="stmt"/>
      <line num="8" count="3" type="stmt"/>
      <line num="9" count="5" type="cond" truecount="4" falsecount="0"/>
      <line num="10" count="3" type="stmt"/>
      <line num="12" count="2" type="stmt"/>
      <line num="16" count="1" type="stmt"/>
      <line num="17" count="2" type="cond" truecount="2" falsecount="0"/>
      <line num="18" count="1" type="stmt"/>
      <line num="21" count="1" type="stmt"/>
      <line num="22" count="2" type="cond" truecount="2" falsecount="0"/>
      <line num="23" count="1" type="stmt"/>
    </file>
    <file name="currency.ts" path="/home/paschoal/Documents/repos/driver_finance/src/utils/currency.ts">
      <metrics statements="10" coveredstatements="10" conditionals="6" coveredconditionals="6" methods="3" coveredmethods="3"/>
      <line num="1" count="1" type="stmt"/>
      <line num="6" count="1" type="stmt"/>
      <line num="7" count="3" type="stmt"/>
      <line num="10" count="1" type="stmt"/>
      <line num="11" count="4" type="cond" truecount="4" falsecount="0"/>
      <line num="12" count="3" type="stmt"/>
      <line num="13" count="3" type="cond" truecount="2" falsecount="0"/>
      <line num="14" count="2" type="stmt"/>
      <line num="17" count="1" type="stmt"/>
      <line num="18" count="2" type="stmt"/>
    </file>
    <file name="export.ts" path="/home/paschoal/Documents/repos/driver_finance/src/utils/export.ts">
      <metrics statements="21" coveredstatements="15" conditionals="19" coveredconditionals="17" methods="3" coveredmethods="2"/>
      <line num="1" count="1" type="stmt"/>
      <line num="2" count="1" type="stmt"/>
      <line num="23" count="1" type="stmt"/>
      <line num="26" count="6" type="cond" truecount="2" falsecount="0"/>
      <line num="27" count="4" type="cond" truecount="4" falsecount="1"/>
      <line num="28" count="0" type="stmt"/>
      <line num="30" count="4" type="stmt"/>
      <line num="33" count="1" type="stmt"/>
      <line num="34" count="3" type="stmt"/>
      <line num="36" count="3" type="stmt"/>
      <line num="38" count="2" type="cond" truecount="4" falsecount="0"/>
      <line num="39" count="2" type="stmt"/>
      <line num="53" count="3" type="stmt"/>
      <line num="54" count="1" type="stmt"/>
      <line num="68" count="3" type="stmt"/>
      <line num="71" count="1" type="stmt"/>
      <line num="76" count="0" type="stmt"/>
      <line num="77" count="0" type="stmt"/>
      <line num="78" count="0" type="stmt"/>
      <line num="80" count="0" type="stmt"/>
      <line num="84" count="0" type="stmt"/>
    </file>
  </project>
</coverage>
