{"/home/paschoal/Documents/repos/driver_finance/src/utils/calculations.ts": {"path":"/home/paschoal/Documents/repos/driver_finance/src/utils/calculations.ts","statementMap":{"0":{"start":{"line":1,"column":0},"end":{"line":1,"column":16}},"1":{"start":{"line":5,"column":0},"end":{"line":5,"column":16}},"2":{"start":{"line":16,"column":0},"end":{"line":16,"column":16}},"3":{"start":{"line":21,"column":0},"end":{"line":21,"column":16}},"4":{"start":{"line":2,"column":2},"end":{"line":2,"column":38}},"5":{"start":{"line":8,"column":2},"end":{"line":13,"column":8}},"6":{"start":{"line":9,"column":4},"end":{"line":11,"column":5}},"7":{"start":{"line":10,"column":6},"end":{"line":10,"column":58}},"8":{"start":{"line":12,"column":4},"end":{"line":12,"column":15}},"9":{"start":{"line":17,"column":2},"end":{"line":17,"column":30}},"10":{"start":{"line":17,"column":21},"end":{"line":17,"column":30}},"11":{"start":{"line":18,"column":2},"end":{"line":18,"column":50}},"12":{"start":{"line":22,"column":2},"end":{"line":22,"column":30}},"13":{"start":{"line":22,"column":21},"end":{"line":22,"column":30}},"14":{"start":{"line":23,"column":2},"end":{"line":23,"column":49}}},"fnMap":{"0":{"name":"computeNetProfit","decl":{"start":{"line":1,"column":16},"end":{"line":1,"column":32}},"loc":{"start":{"line":1,"column":76},"end":{"line":3,"column":1}}},"1":{"name":"computeTotalKm","decl":{"start":{"line":5,"column":16},"end":{"line":5,"column":30}},"loc":{"start":{"line":6,"column":68},"end":{"line":14,"column":1}}},"2":{"name":"(anonymous_2)","decl":{"start":{"line":8,"column":24},"end":{"line":8,"column":25}},"loc":{"start":{"line":8,"column":37},"end":{"line":13,"column":3}}},"3":{"name":"computeCostPerKm","decl":{"start":{"line":16,"column":16},"end":{"line":16,"column":32}},"loc":{"start":{"line":16,"column":76},"end":{"line":19,"column":1}}},"4":{"name":"computeRevenuePerKm","decl":{"start":{"line":21,"column":16},"end":{"line":21,"column":35}},"loc":{"start":{"line":21,"column":78},"end":{"line":24,"column":1}}}},"branchMap":{"0":{"loc":{"start":{"line":9,"column":4},"end":{"line":11,"column":5}},"type":"if","locations":[{"start":{"line":9,"column":4},"end":{"line":11,"column":5}},{"start":{},"end":{}}]},"1":{"loc":{"start":{"line":9,"column":8},"end":{"line":9,"column":50}},"type":"binary-expr","locations":[{"start":{"line":9,"column":8},"end":{"line":9,"column":28}},{"start":{"line":9,"column":32},"end":{"line":9,"column":50}}]},"2":{"loc":{"start":{"line":17,"column":2},"end":{"line":17,"column":30}},"type":"if","locations":[{"start":{"line":17,"column":2},"end":{"line":17,"column":30}},{"start":{},"end":{}}]},"3":{"loc":{"start":{"line":22,"column":2},"end":{"line":22,"column":30}},"type":"if","locations":[{"start":{"line":22,"column":2},"end":{"line":22,"column":30}},{"start":{},"end":{}}]}},"s":{"0":1,"1":1,"2":1,"3":1,"4":3,"5":3,"6":5,"7":3,"8":2,"9":2,"10":1,"11":1,"12":2,"13":1,"14":1},"f":{"0":3,"1":3,"2":5,"3":2,"4":2},"b":{"0":[3,2],"1":[5,3],"2":[1,1],"3":[1,1]}}
,"/home/paschoal/Documents/repos/driver_finance/src/utils/currency.ts": {"path":"/home/paschoal/Documents/repos/driver_finance/src/utils/currency.ts","statementMap":{"0":{"start":{"line":6,"column":0},"end":{"line":6,"column":16}},"1":{"start":{"line":10,"column":0},"end":{"line":10,"column":16}},"2":{"start":{"line":17,"column":0},"end":{"line":17,"column":16}},"3":{"start":{"line":1,"column":18},"end":{"line":4,"column":2}},"4":{"start":{"line":7,"column":2},"end":{"line":7,"column":39}},"5":{"start":{"line":11,"column":2},"end":{"line":11,"column":46}},"6":{"start":{"line":11,"column":37},"end":{"line":11,"column":46}},"7":{"start":{"line":12,"column":17},"end":{"line":12,"column":52}},"8":{"start":{"line":13,"column":2},"end":{"line":13,"column":30}},"9":{"start":{"line":13,"column":21},"end":{"line":13,"column":30}},"10":{"start":{"line":14,"column":2},"end":{"line":14,"column":34}},"11":{"start":{"line":18,"column":2},"end":{"line":18,"column":21}}},"fnMap":{"0":{"name":"formatCurrency","decl":{"start":{"line":6,"column":16},"end":{"line":6,"column":30}},"loc":{"start":{"line":6,"column":44},"end":{"line":8,"column":1}}},"1":{"name":"parseCurrencyToCents","decl":{"start":{"line":10,"column":16},"end":{"line":10,"column":36}},"loc":{"start":{"line":10,"column":50},"end":{"line":15,"column":1}}},"2":{"name":"centsToDecimal","decl":{"start":{"line":17,"column":16},"end":{"line":17,"column":30}},"loc":{"start":{"line":17,"column":44},"end":{"line":19,"column":1}}}},"branchMap":{"0":{"loc":{"start":{"line":11,"column":2},"end":{"line":11,"column":46}},"type":"if","locations":[{"start":{"line":11,"column":2},"end":{"line":11,"column":46}},{"start":{},"end":{}}]},"1":{"loc":{"start":{"line":11,"column":6},"end":{"line":11,"column":35}},"type":"binary-expr","locations":[{"start":{"line":11,"column":6},"end":{"line":11,"column":12}},{"start":{"line":11,"column":16},"end":{"line":11,"column":35}}]},"2":{"loc":{"start":{"line":13,"column":2},"end":{"line":13,"column":30}},"type":"if","locations":[{"start":{"line":13,"column":2},"end":{"line":13,"column":30}},{"start":{},"end":{}}]}},"s":{"0":1,"1":1,"2":1,"3":1,"4":3,"5":4,"6":1,"7":3,"8":3,"9":1,"10":2,"11":2},"f":{"0":3,"1":4,"2":2},"b":{"0":[1,3],"1":[4,3],"2":[1,2]}}
,"/home/paschoal/Documents/repos/driver_finance/src/utils/export.ts": {"path":"/home/paschoal/Documents/repos/driver_finance/src/utils/export.ts","statementMap":{"0":{"start":{"line":33,"column":0},"end":{"line":33,"column":16}},"1":{"start":{"line":71,"column":0},"end":{"line":71,"column":7}},"2":{"start":{"line":1,"column":0},"end":{"line":1,"column":54}},"3":{"start":{"line":2,"column":0},"end":{"line":2,"column":40}},"4":{"start":{"line":23,"column":2},"end":{"line":23,"column":86}},"5":{"start":{"line":26,"column":2},"end":{"line":26,"column":31}},"6":{"start":{"line":26,"column":21},"end":{"line":26,"column":31}},"7":{"start":{"line":27,"column":2},"end":{"line":29,"column":3}},"8":{"start":{"line":28,"column":4},"end":{"line":28,"column":44}},"9":{"start":{"line":30,"column":2},"end":{"line":30,"column":15}},"10":{"start":{"line":34,"column":26},"end":{"line":34,"column":38}},"11":{"start":{"line":36,"column":2},"end":{"line":51,"column":3}},"12":{"start":{"line":38,"column":6},"end":{"line":38,"column":86}},"13":{"start":{"line":39,"column":4},"end":{"line":50,"column":6}},"14":{"start":{"line":53,"column":2},"end":{"line":66,"column":3}},"15":{"start":{"line":54,"column":4},"end":{"line":65,"column":6}},"16":{"start":{"line":68,"column":2},"end":{"line":68,"column":26}},"17":{"start":{"line":76,"column":18},"end":{"line":76,"column":52}},"18":{"start":{"line":77,"column":19},"end":{"line":77,"column":74}},"19":{"start":{"line":78,"column":19},"end":{"line":78,"column":60}},"20":{"start":{"line":80,"column":2},"end":{"line":82,"column":5}},"21":{"start":{"line":84,"column":2},"end":{"line":88,"column":5}}},"fnMap":{"0":{"name":"escapeField","decl":{"start":{"line":25,"column":9},"end":{"line":25,"column":20}},"loc":{"start":{"line":25,"column":53},"end":{"line":31,"column":1}}},"1":{"name":"buildCsvContent","decl":{"start":{"line":33,"column":16},"end":{"line":33,"column":31}},"loc":{"start":{"line":33,"column":76},"end":{"line":69,"column":1}}},"2":{"name":"exportAndShareCsv","decl":{"start":{"line":71,"column":22},"end":{"line":71,"column":39}},"loc":{"start":{"line":74,"column":21},"end":{"line":89,"column":1}}}},"branchMap":{"0":{"loc":{"start":{"line":26,"column":2},"end":{"line":26,"column":31}},"type":"if","locations":[{"start":{"line":26,"column":2},"end":{"line":26,"column":31}},{"start":{},"end":{}}]},"1":{"loc":{"start":{"line":27,"column":2},"end":{"line":29,"column":3}},"type":"if","locations":[{"start":{"line":27,"column":2},"end":{"line":29,"column":3}},{"start":{},"end":{}}]},"2":{"loc":{"start":{"line":27,"column":6},"end":{"line":27,"column":72}},"type":"binary-expr","locations":[{"start":{"line":27,"column":6},"end":{"line":27,"column":25}},{"start":{"line":27,"column":29},"end":{"line":27,"column":48}},{"start":{"line":27,"column":52},"end":{"line":27,"column":72}}]},"3":{"loc":{"start":{"line":38,"column":6},"end":{"line":38,"column":86}},"type":"cond-expr","locations":[{"start":{"line":38,"column":47},"end":{"line":38,"column":81}},{"start":{"line":38,"column":84},"end":{"line":38,"column":86}}]},"4":{"loc":{"start":{"line":38,"column":6},"end":{"line":38,"column":44}},"type":"binary-expr","locations":[{"start":{"line":38,"column":6},"end":{"line":38,"column":24}},{"start":{"line":38,"column":28},"end":{"line":38,"column":44}}]},"5":{"loc":{"start":{"line":43,"column":20},"end":{"line":43,"column":50}},"type":"binary-expr","locations":[{"start":{"line":43,"column":20},"end":{"line":43,"column":36}},{"start":{"line":43,"column":40},"end":{"line":43,"column":50}}]},"6":{"loc":{"start":{"line":45,"column":8},"end":{"line":45,"column":36}},"type":"binary-expr","locations":[{"start":{"line":45,"column":8},"end":{"line":45,"column":30}},{"start":{"line":45,"column":34},"end":{"line":45,"column":36}}]},"7":{"loc":{"start":{"line":46,"column":8},"end":{"line":46,"column":34}},"type":"binary-expr","locations":[{"start":{"line":46,"column":8},"end":{"line":46,"column":28}},{"start":{"line":46,"column":32},"end":{"line":46,"column":34}}]},"8":{"loc":{"start":{"line":62,"column":8},"end":{"line":62,"column":38}},"type":"binary-expr","locations":[{"start":{"line":62,"column":8},"end":{"line":62,"column":32}},{"start":{"line":62,"column":36},"end":{"line":62,"column":38}}]}},"s":{"0":1,"1":1,"2":1,"3":1,"4":1,"5":6,"6":2,"7":4,"8":0,"9":4,"10":3,"11":3,"12":2,"13":2,"14":3,"15":1,"16":3,"17":0,"18":0,"19":0,"20":0,"21":0},"f":{"0":6,"1":3,"2":0},"b":{"0":[2,4],"1":[0,4],"2":[4,4,4],"3":[1,1],"4":[2,1],"5":[2,2],"6":[2,1],"7":[2,1],"8":[1,0]}}
}
