TN:
SF:src/utils/calculations.ts
FN:1,computeNetProfit
FN:5,computeTotalKm
FN:8,(anonymous_2)
FN:16,computeCostPerKm
FN:21,computeRevenuePerKm
FNF:5
FNH:5
FNDA:3,computeNetProfit
FNDA:3,computeTotalKm
FNDA:5,(anonymous_2)
FNDA:2,computeCostPerKm
FNDA:2,computeRevenuePerKm
DA:1,1
DA:2,3
DA:5,1
DA:8,3
DA:9,5
DA:10,3
DA:12,2
DA:16,1
DA:17,2
DA:18,1
DA:21,1
DA:22,2
DA:23,1
LF:13
LH:13
BRDA:9,0,0,3
BRDA:9,0,1,2
BRDA:9,1,0,5
BRDA:9,1,1,3
BRDA:17,2,0,1
BRDA:17,2,1,1
BRDA:22,3,0,1
BRDA:22,3,1,1
BRF:8
BRH:8
end_of_record
TN:
SF:src/utils/currency.ts
FN:6,formatCurrency
FN:10,parseCurrencyToCents
FN:17,centsToDecimal
FNF:3
FNH:3
FNDA:3,formatCurrency
FNDA:4,parseCurrencyToCents
FNDA:2,centsToDecimal
DA:1,1
DA:6,1
DA:7,3
DA:10,1
DA:11,4
DA:12,3
DA:13,3
DA:14,2
DA:17,1
DA:18,2
LF:10
LH:10
BRDA:11,0,0,1
BRDA:11,0,1,3
BRDA:11,1,0,4
BRDA:11,1,1,3
BRDA:13,2,0,1
BRDA:13,2,1,2
BRF:6
BRH:6
end_of_record
TN:
SF:src/utils/export.ts
FN:25,escapeField
FN:33,buildCsvContent
FN:71,exportAndShareCsv
FNF:3
FNH:2
FNDA:6,escapeField
FNDA:3,buildCsvContent
FNDA:0,exportAndShareCsv
DA:1,1
DA:2,1
DA:23,1
DA:26,6
DA:27,4
DA:28,0
DA:30,4
DA:33,1
DA:34,3
DA:36,3
DA:38,2
DA:39,2
DA:53,3
DA:54,1
DA:68,3
DA:71,1
DA:76,0
DA:77,0
DA:78,0
DA:80,0
DA:84,0
LF:21
LH:15
BRDA:26,0,0,2
BRDA:26,0,1,4
BRDA:27,1,0,0
BRDA:27,1,1,4
BRDA:27,2,0,4
BRDA:27,2,1,4
BRDA:27,2,2,4
BRDA:38,3,0,1
BRDA:38,3,1,1
BRDA:38,4,0,2
BRDA:38,4,1,1
BRDA:43,5,0,2
BRDA:43,5,1,2
BRDA:45,6,0,2
BRDA:45,6,1,1
BRDA:46,7,0,2
BRDA:46,7,1,1
BRDA:62,8,0,1
BRDA:62,8,1,0
BRF:19
BRH:17
end_of_record
